0 info it worked if it ends with ok
1 verbose cli [ 'C:\\Program Files\\nodejs\\node.exe',
1 verbose cli   'C:\\Program Files\\nodejs\\node_modules\\npm\\bin\\npm-cli.js',
1 verbose cli   'run',
1 verbose cli   'test' ]
2 info using npm@3.10.10
3 info using node@v6.11.0
4 verbose run-script [ 'pretest', 'test', 'posttest' ]
5 info lifecycle node-boilerplate@0.0.1~pretest: node-boilerplate@0.0.1
6 silly lifecycle node-boilerplate@0.0.1~pretest: no script for pretest, continuing
7 info lifecycle node-boilerplate@0.0.1~test: node-boilerplate@0.0.1
8 verbose lifecycle node-boilerplate@0.0.1~test: unsafe-perm in lifecycle true
9 verbose lifecycle node-boilerplate@0.0.1~test: PATH: C:\Program Files\nodejs\node_modules\npm\bin\node-gyp-bin;C:\Users\salty\SummerProjects\node-boilerplate\node_modules\.bin;C:\Program Files\Docker\Docker\Resources\bin;C:\Program Files\Oculus\Support\oculus-runtime;C:\Windows\system32;C:\Windows;C:\Windows\System32\Wbem;C:\Windows\System32\WindowsPowerShell\v1.0\;C:\Program Files (x86)\NVIDIA Corporation\PhysX\Common;C:\Program Files\Git\cmd;C:\Program Files\PuTTY\;C:\Program Files\nodejs\;C:\xampp\php;C:\ProgramData\ComposerSetup\bin;C:\WINDOWS\system32;C:\WINDOWS;C:\WINDOWS\System32\Wbem;C:\WINDOWS\System32\WindowsPowerShell\v1.0\;C:\Users\salty\AppData\Local\Microsoft\WindowsApps;C:\Users\salty\AppData\Roaming\npm;C:\Users\salty\AppData\Roaming\Composer\vendor\bin;C:\Program Files\Microsoft VS Code\bin;C:\Users\salty\AppData\Local\atom\bin;%USERPROFILE%\AppData\Local\Microsoft\WindowsApps;;C:\Users\salty\AppData\Local\Programs\Fiddler
10 verbose lifecycle node-boilerplate@0.0.1~test: CWD: C:\Users\salty\SummerProjects\node-boilerplate
11 silly lifecycle node-boilerplate@0.0.1~test: Args: [ '/d /s /c', 'mocha || true' ]
12 silly lifecycle node-boilerplate@0.0.1~test: Returned: code: 1  signal: null
13 info lifecycle node-boilerplate@0.0.1~test: Failed to exec test script
14 verbose stack Error: node-boilerplate@0.0.1 test: `mocha || true`
14 verbose stack Exit status 1
14 verbose stack     at EventEmitter.<anonymous> (C:\Program Files\nodejs\node_modules\npm\lib\utils\lifecycle.js:255:16)
14 verbose stack     at emitTwo (events.js:106:13)
14 verbose stack     at EventEmitter.emit (events.js:191:7)
14 verbose stack     at ChildProcess.<anonymous> (C:\Program Files\nodejs\node_modules\npm\lib\utils\spawn.js:40:14)
14 verbose stack     at emitTwo (events.js:106:13)
14 verbose stack     at ChildProcess.emit (events.js:191:7)
14 verbose stack     at maybeClose (internal/child_process.js:891:16)
14 verbose stack     at Process.ChildProcess._handle.onexit (internal/child_process.js:226:5)
15 verbose pkgid node-boilerplate@0.0.1
16 verbose cwd C:\Users\salty\SummerProjects\node-boilerplate
17 error Windows_NT 10.0.16299
18 error argv "C:\\Program Files\\nodejs\\node.exe" "C:\\Program Files\\nodejs\\node_modules\\npm\\bin\\npm-cli.js" "run" "test"
19 error node v6.11.0
20 error npm  v3.10.10
21 error code ELIFECYCLE
22 error node-boilerplate@0.0.1 test: `mocha || true`
22 error Exit status 1
23 error Failed at the node-boilerplate@0.0.1 test script 'mocha || true'.
23 error Make sure you have the latest version of node.js and npm installed.
23 error If you do, this is most likely a problem with the node-boilerplate package,
23 error not with npm itself.
23 error Tell the author that this fails on your system:
23 error     mocha || true
23 error You can get information on how to open an issue for this project with:
23 error     npm bugs node-boilerplate
23 error Or if that isn't available, you can get their info via:
23 error     npm owner ls node-boilerplate
23 error There is likely additional logging output above.
24 verbose exit [ 1, true ]
